<?xml version="1.0" encoding="utf-8"?><testsuites><testsuite name="pytest" errors="0" failures="0" skipped="0" tests="10" time="5.524" timestamp="2021-02-22T14:23:18.444500" hostname="ICEPC-PC0UYBJU"><testcase classname="tests.weather_test.TestWeather" name="test_search_city_ambiguous_city" time="0.573" /><testcase classname="tests.weather_test.TestWeather" name="test_search_city_for_london" time="0.397" /><testcase classname="tests.weather_test.TestWeather" name="test_search_city_for_paris" time="0.306" /><testcase classname="tests.weather_test.TestWeather" name="test_search_city_for_unknown_city" time="0.313" /><testcase classname="tests.weather_test.TestWeather" name="test_weather_forecast" time="0.729" /><testcase classname="tests.weather_test.TestWeather" name="test_search_city_ambiguous_city" time="0.459" /><testcase classname="tests.weather_test.TestWeather" name="test_search_city_for_london" time="0.314" /><testcase classname="tests.weather_test.TestWeather" name="test_search_city_for_paris" time="0.370" /><testcase classname="tests.weather_test.TestWeather" name="test_search_city_for_unknown_city" time="0.397" /><testcase classname="tests.weather_test.TestWeather" name="test_weather_forecast" time="1.361" /></testsuite></testsuites>